<?xml version="1.0" encoding="UTF-8"?>
<testsuite xmlns:xsi="http://www.w3.org/2001/XMLSchema-instance" xsi:noNamespaceSchemaLocation="https://maven.apache.org/surefire/maven-surefire-plugin/xsd/surefire-test-report.xsd" name="runners.TestRunner" time="41.198" tests="5" errors="0" skipped="0" failures="0">
  <properties>
[...]
</properties>
  <testcase name="Realizar Cadastro" classname="Realizar Compras de Produto #1" time="9.368"/>
  <testcase name="Realizar Login com Sucesso" classname="Realizar Compras de Produto #1" time="5.51"/>
  <testcase name="Realizar Logout com Sucesso" classname="Realizar Compras de Produto #1" time="6.265"/>
  <testcase name="Tentar Realizar Login com Credenciais Incorretas" classname="Realizar Compras de Produto #1" time="4.411"/>
  <testcase name="Comprar Produtos específicos" classname="Realizar Compras de Produto #2" time="15.016"/>
</testsuite>